  [1m[35m (1.1ms)[0m  [1m[35mCREATE TABLE "schema_migrations" ("version" varchar NOT NULL PRIMARY KEY)[0m
  [1m[35m (1.2ms)[0m  [1m[35mCREATE TABLE "ar_internal_metadata" ("key" varchar NOT NULL PRIMARY KEY, "value" varchar, "created_at" datetime(6) NOT NULL, "updated_at" datetime(6) NOT NULL)[0m
  [1m[36mActiveRecord::SchemaMigration Pluck (0.0ms)[0m  [1m[34mSELECT "schema_migrations"."version" FROM "schema_migrations" ORDER BY "schema_migrations"."version" ASC[0m
Migrating to CreateArticles (20221121141544)
  [1m[36mTRANSACTION (0.0ms)[0m  [1m[36mbegin transaction[0m
  [1m[35m (0.1ms)[0m  [1m[35mCREATE TABLE "articles" ("id" integer PRIMARY KEY AUTOINCREMENT NOT NULL, "title" varchar, "body" text, "created_at" datetime(6) NOT NULL, "updated_at" datetime(6) NOT NULL)[0m
  [1m[36mActiveRecord::SchemaMigration Create (0.1ms)[0m  [1m[32mINSERT INTO "schema_migrations" ("version") VALUES (?)[0m  [["version", "20221121141544"]]
  [1m[36mTRANSACTION (1.0ms)[0m  [1m[36mcommit transaction[0m
  [1m[36mActiveRecord::InternalMetadata Load (0.1ms)[0m  [1m[34mSELECT "ar_internal_metadata".* FROM "ar_internal_metadata" WHERE "ar_internal_metadata"."key" = ? LIMIT ?[0m  [["key", "environment"], ["LIMIT", 1]]
  [1m[36mTRANSACTION (0.0ms)[0m  [1m[36mbegin transaction[0m
  [1m[36mActiveRecord::InternalMetadata Create (0.1ms)[0m  [1m[32mINSERT INTO "ar_internal_metadata" ("key", "value", "created_at", "updated_at") VALUES (?, ?, ?, ?)[0m  [["key", "environment"], ["value", "development"], ["created_at", "2022-11-21 14:16:00.812679"], ["updated_at", "2022-11-21 14:16:00.812679"]]
  [1m[36mTRANSACTION (0.4ms)[0m  [1m[36mcommit transaction[0m
  [1m[36mActiveRecord::SchemaMigration Pluck (0.0ms)[0m  [1m[34mSELECT "schema_migrations"."version" FROM "schema_migrations" ORDER BY "schema_migrations"."version" ASC[0m
Started GET "/" for ::1 at 2022-11-21 09:17:53 -0500
  [1m[36mActiveRecord::SchemaMigration Pluck (0.1ms)[0m  [1m[34mSELECT "schema_migrations"."version" FROM "schema_migrations" ORDER BY "schema_migrations"."version" ASC[0m
Processing by Rails::WelcomeController#index as HTML
  Rendering /home/caleb/.rbenv/versions/3.1.2/lib/ruby/gems/3.1.0/gems/railties-7.0.4/lib/rails/templates/rails/welcome/index.html.erb
  Rendered /home/caleb/.rbenv/versions/3.1.2/lib/ruby/gems/3.1.0/gems/railties-7.0.4/lib/rails/templates/rails/welcome/index.html.erb (Duration: 1.0ms | Allocations: 635)
Completed 200 OK in 9ms (Views: 3.4ms | ActiveRecord: 0.0ms | Allocations: 5108)


Started GET "/" for ::1 at 2022-11-21 09:19:36 -0500
Processing by ArticlesController#index as HTML
  Rendering layout layouts/application.html.erb
  Rendering articles/index.html.erb within layouts/application
  [1m[36mArticle Load (0.0ms)[0m  [1m[34mSELECT "articles".* FROM "articles"[0m
  ↳ app/views/articles/index.html.erb:3
  Rendered articles/index.html.erb within layouts/application (Duration: 1.2ms | Allocations: 1078)
  Rendered layout layouts/application.html.erb (Duration: 203.9ms | Allocations: 87282)
Completed 200 OK in 209ms (Views: 205.2ms | ActiveRecord: 0.2ms | Allocations: 89080)


Started GET "/" for 127.0.0.1 at 2022-11-21 09:25:18 -0500
  [1m[36mActiveRecord::SchemaMigration Pluck (0.0ms)[0m  [1m[34mSELECT "schema_migrations"."version" FROM "schema_migrations" ORDER BY "schema_migrations"."version" ASC[0m
Processing by ArticlesController#index as HTML
  Rendering layout layouts/application.html.erb
  Rendering articles/index.html.erb within layouts/application
  [1m[36mArticle Load (0.1ms)[0m  [1m[34mSELECT "articles".* FROM "articles"[0m
  ↳ app/views/articles/index.html.erb:3
  Rendered articles/index.html.erb within layouts/application (Duration: 1.0ms | Allocations: 1132)
  Rendered layout layouts/application.html.erb (Duration: 19.7ms | Allocations: 35799)
Completed 200 OK in 23ms (Views: 20.6ms | ActiveRecord: 0.1ms | Allocations: 39915)


Started GET "/" for 127.0.0.1 at 2022-11-21 09:26:10 -0500
Processing by ArticlesController#index as HTML
  Rendering layout layouts/application.html.erb
  Rendering articles/index.html.erb within layouts/application
  [1m[36mArticle Load (0.0ms)[0m  [1m[34mSELECT "articles".* FROM "articles"[0m
  ↳ app/views/articles/index.html.erb:3
  Rendered articles/index.html.erb within layouts/application (Duration: 1.0ms | Allocations: 1074)
  Rendered layout layouts/application.html.erb (Duration: 13.6ms | Allocations: 15158)
Completed 200 OK in 16ms (Views: 14.3ms | ActiveRecord: 0.2ms | Allocations: 16780)


Started GET "/" for 127.0.0.1 at 2022-11-21 09:26:11 -0500
Processing by ArticlesController#index as HTML
  Rendering layout layouts/application.html.erb
  Rendering articles/index.html.erb within layouts/application
  [1m[36mArticle Load (0.1ms)[0m  [1m[34mSELECT "articles".* FROM "articles"[0m
  ↳ app/views/articles/index.html.erb:3
  Rendered articles/index.html.erb within layouts/application (Duration: 0.9ms | Allocations: 532)
  Rendered layout layouts/application.html.erb (Duration: 3.8ms | Allocations: 2872)
Completed 200 OK in 5ms (Views: 4.1ms | ActiveRecord: 0.1ms | Allocations: 3166)


Started GET "/" for 127.0.0.1 at 2022-11-21 09:26:11 -0500
Processing by ArticlesController#index as HTML
  Rendering layout layouts/application.html.erb
  Rendering articles/index.html.erb within layouts/application
  [1m[36mArticle Load (0.0ms)[0m  [1m[34mSELECT "articles".* FROM "articles"[0m
  ↳ app/views/articles/index.html.erb:3
  Rendered articles/index.html.erb within layouts/application (Duration: 0.5ms | Allocations: 532)
  Rendered layout layouts/application.html.erb (Duration: 2.0ms | Allocations: 2894)
Completed 200 OK in 2ms (Views: 2.1ms | ActiveRecord: 0.0ms | Allocations: 3162)


Started GET "/" for 127.0.0.1 at 2022-11-21 09:30:46 -0500
Processing by ArticlesController#index as HTML
  Rendering layout layouts/application.html.erb
  Rendering articles/index.html.erb within layouts/application
  [1m[36mArticle Load (0.0ms)[0m  [1m[34mSELECT "articles".* FROM "articles"[0m
  ↳ app/views/articles/index.html.erb:3
  Rendered articles/index.html.erb within layouts/application (Duration: 1.1ms | Allocations: 1065)
  Rendered layout layouts/application.html.erb (Duration: 6.5ms | Allocations: 15128)
Completed 200 OK in 9ms (Views: 7.2ms | ActiveRecord: 0.2ms | Allocations: 16752)


Started GET "/" for 127.0.0.1 at 2022-11-21 09:32:18 -0500
Processing by ArticlesController#index as HTML
  Rendering layout layouts/application.html.erb
  Rendering articles/index.html.erb within layouts/application
  [1m[36mArticle Load (0.1ms)[0m  [1m[34mSELECT "articles".* FROM "articles"[0m
  ↳ app/views/articles/index.html.erb:3
  Rendered articles/index.html.erb within layouts/application (Duration: 0.8ms | Allocations: 816)
  Rendered layout layouts/application.html.erb (Duration: 2.8ms | Allocations: 3609)
Completed 200 OK in 5ms (Views: 3.8ms | ActiveRecord: 0.1ms | Allocations: 4458)


Started GET "/articles/1/edit" for 127.0.0.1 at 2022-11-21 09:47:26 -0500
  [1m[36mActiveRecord::SchemaMigration Pluck (0.4ms)[0m  [1m[34mSELECT "schema_migrations"."version" FROM "schema_migrations" ORDER BY "schema_migrations"."version" ASC[0m
Processing by ArticlesController#edit as HTML
  Parameters: {"id"=>"1"}
  [1m[36mArticle Load (0.1ms)[0m  [1m[34mSELECT "articles".* FROM "articles" WHERE "articles"."id" = ? LIMIT ?[0m  [["id", 1], ["LIMIT", 1]]
  ↳ app/controllers/articles_controller.rb:24:in `edit'
Completed 404 Not Found in 4ms (ActiveRecord: 0.4ms | Allocations: 5946)


  
ActiveRecord::RecordNotFound (Couldn't find Article with 'id'=1):
  
app/controllers/articles_controller.rb:24:in `edit'
Started GET "/articles/1/edit." for 127.0.0.1 at 2022-11-21 09:47:33 -0500
  
ActionController::RoutingError (No route matches [GET] "/articles/1/edit."):
  
Started GET "/articles" for 127.0.0.1 at 2022-11-21 09:47:56 -0500
Processing by ArticlesController#index as HTML
  Rendering layout layouts/application.html.erb
  Rendering articles/index.html.erb within layouts/application
  [1m[36mArticle Load (0.1ms)[0m  [1m[34mSELECT "articles".* FROM "articles"[0m
  ↳ app/views/articles/index.html.erb:3
  Rendered articles/index.html.erb within layouts/application (Duration: 1.4ms | Allocations: 1020)
  Rendered layout layouts/application.html.erb (Duration: 68.8ms | Allocations: 34975)
Completed 200 OK in 71ms (Views: 70.0ms | ActiveRecord: 0.1ms | Allocations: 35971)


Started GET "/articles/new" for 127.0.0.1 at 2022-11-21 09:47:58 -0500
Processing by ArticlesController#new as HTML
  Rendering layout layouts/application.html.erb
  Rendering articles/new.html.erb within layouts/application
  Rendered articles/_form.html.erb (Duration: 10.2ms | Allocations: 4631)
  Rendered articles/new.html.erb within layouts/application (Duration: 10.9ms | Allocations: 4899)
  Rendered layout layouts/application.html.erb (Duration: 12.3ms | Allocations: 7196)
Completed 200 OK in 21ms (Views: 13.0ms | ActiveRecord: 0.0ms | Allocations: 15494)


Started GET "/articles" for 127.0.0.1 at 2022-11-21 09:48:03 -0500
Processing by ArticlesController#index as HTML
  Rendering layout layouts/application.html.erb
  Rendering articles/index.html.erb within layouts/application
  [1m[36mArticle Load (0.1ms)[0m  [1m[34mSELECT "articles".* FROM "articles"[0m
  ↳ app/views/articles/index.html.erb:3
  Rendered articles/index.html.erb within layouts/application (Duration: 0.6ms | Allocations: 634)
  Rendered layout layouts/application.html.erb (Duration: 1.8ms | Allocations: 2893)
Completed 200 OK in 2ms (Views: 2.0ms | ActiveRecord: 0.1ms | Allocations: 3210)


  [1m[36mActiveRecord::SchemaMigration Pluck (0.0ms)[0m  [1m[34mSELECT "schema_migrations"."version" FROM "schema_migrations" ORDER BY "schema_migrations"."version" ASC[0m
Migrating to CreateComments (20221121145310)
  [1m[36mTRANSACTION (0.0ms)[0m  [1m[36mbegin transaction[0m
  [1m[35m (0.1ms)[0m  [1m[35mCREATE TABLE "comments" ("id" integer PRIMARY KEY AUTOINCREMENT NOT NULL, "commenter" varchar, "body" text, "article_id" integer NOT NULL, "created_at" datetime(6) NOT NULL, "updated_at" datetime(6) NOT NULL, CONSTRAINT "fk_rails_3bf61a60d3"
FOREIGN KEY ("article_id")
  REFERENCES "articles" ("id")
)[0m
  [1m[35m (0.0ms)[0m  [1m[35mCREATE INDEX "index_comments_on_article_id" ON "comments" ("article_id")[0m
  [1m[36mActiveRecord::SchemaMigration Create (0.1ms)[0m  [1m[32mINSERT INTO "schema_migrations" ("version") VALUES (?)[0m  [["version", "20221121145310"]]
  [1m[36mTRANSACTION (1.9ms)[0m  [1m[36mcommit transaction[0m
  [1m[36mActiveRecord::InternalMetadata Load (0.1ms)[0m  [1m[34mSELECT "ar_internal_metadata".* FROM "ar_internal_metadata" WHERE "ar_internal_metadata"."key" = ? LIMIT ?[0m  [["key", "environment"], ["LIMIT", 1]]
  [1m[36mActiveRecord::SchemaMigration Pluck (0.0ms)[0m  [1m[34mSELECT "schema_migrations"."version" FROM "schema_migrations" ORDER BY "schema_migrations"."version" ASC[0m
Started GET "/" for 127.0.0.1 at 2022-11-21 10:03:32 -0500
  [1m[36mActiveRecord::SchemaMigration Pluck (0.2ms)[0m  [1m[34mSELECT "schema_migrations"."version" FROM "schema_migrations" ORDER BY "schema_migrations"."version" ASC[0m
Processing by ArticlesController#index as HTML
  Rendering layout layouts/application.html.erb
  Rendering articles/index.html.erb within layouts/application
  [1m[36mArticle Load (0.4ms)[0m  [1m[34mSELECT "articles".* FROM "articles"[0m
  ↳ app/views/articles/index.html.erb:3
  Rendered articles/index.html.erb within layouts/application (Duration: 2.5ms | Allocations: 1321)
  Rendered layout layouts/application.html.erb (Duration: 26.1ms | Allocations: 35391)
Completed 200 OK in 34ms (Views: 27.3ms | ActiveRecord: 0.4ms | Allocations: 41066)


Started GET "/articles/new" for 127.0.0.1 at 2022-11-21 10:03:33 -0500
Processing by ArticlesController#new as HTML
  Rendering layout layouts/application.html.erb
  Rendering articles/new.html.erb within layouts/application
  Rendered articles/_form.html.erb (Duration: 4.0ms | Allocations: 3217)
  Rendered articles/new.html.erb within layouts/application (Duration: 4.5ms | Allocations: 3499)
  Rendered layout layouts/application.html.erb (Duration: 6.3ms | Allocations: 5796)
Completed 200 OK in 10ms (Views: 6.7ms | ActiveRecord: 0.3ms | Allocations: 10139)


Started POST "/articles" for 127.0.0.1 at 2022-11-21 10:03:35 -0500
Processing by ArticlesController#create as TURBO_STREAM
  Parameters: {"authenticity_token"=>"[FILTERED]", "article"=>{"title"=>"", "body"=>""}, "commit"=>"Create Article"}
  Rendering layout layouts/application.html.erb
  Rendering articles/new.html.erb within layouts/application
  Rendered articles/_form.html.erb (Duration: 2.2ms | Allocations: 1979)
  Rendered articles/new.html.erb within layouts/application (Duration: 2.3ms | Allocations: 2091)
  Rendered layout layouts/application.html.erb (Duration: 4.1ms | Allocations: 4366)
Completed 422 Unprocessable Entity in 7ms (Views: 4.8ms | ActiveRecord: 0.0ms | Allocations: 5879)


Started POST "/articles" for 127.0.0.1 at 2022-11-21 10:03:39 -0500
Processing by ArticlesController#create as TURBO_STREAM
  Parameters: {"authenticity_token"=>"[FILTERED]", "article"=>{"title"=>"...adas", "body"=>"...jdaklda"}, "commit"=>"Create Article"}
  Rendering layout layouts/application.html.erb
  Rendering articles/new.html.erb within layouts/application
  Rendered articles/_form.html.erb (Duration: 2.6ms | Allocations: 1780)
  Rendered articles/new.html.erb within layouts/application (Duration: 2.8ms | Allocations: 1843)
  Rendered layout layouts/application.html.erb (Duration: 6.0ms | Allocations: 4018)
Completed 422 Unprocessable Entity in 8ms (Views: 6.5ms | ActiveRecord: 0.0ms | Allocations: 4988)


Started POST "/articles" for 127.0.0.1 at 2022-11-21 10:03:43 -0500
Processing by ArticlesController#create as TURBO_STREAM
  Parameters: {"authenticity_token"=>"[FILTERED]", "article"=>{"title"=>"...ada", "body"=>"...asdasdasdadasdadssa"}, "commit"=>"Create Article"}
  Rendering layout layouts/application.html.erb
  Rendering articles/new.html.erb within layouts/application
  Rendered articles/_form.html.erb (Duration: 2.2ms | Allocations: 1780)
  Rendered articles/new.html.erb within layouts/application (Duration: 2.3ms | Allocations: 1843)
  Rendered layout layouts/application.html.erb (Duration: 17.8ms | Allocations: 4025)
Completed 422 Unprocessable Entity in 20ms (Views: 18.4ms | ActiveRecord: 0.0ms | Allocations: 5017)


Started POST "/articles" for 127.0.0.1 at 2022-11-21 10:04:10 -0500
Processing by ArticlesController#create as TURBO_STREAM
  Parameters: {"authenticity_token"=>"[FILTERED]", "article"=>{"title"=>"Poopy", "body"=>"They wanted to hit the balls becusae it was baseball season\n"}, "commit"=>"Create Article"}
  Rendering layout layouts/application.html.erb
  Rendering articles/new.html.erb within layouts/application
  Rendered articles/_form.html.erb (Duration: 2.6ms | Allocations: 1780)
  Rendered articles/new.html.erb within layouts/application (Duration: 2.8ms | Allocations: 1843)
  Rendered layout layouts/application.html.erb (Duration: 5.3ms | Allocations: 4023)
Completed 422 Unprocessable Entity in 7ms (Views: 5.8ms | ActiveRecord: 0.0ms | Allocations: 4994)


Started GET "/" for 127.0.0.1 at 2022-11-21 10:27:47 -0500
  [1m[36mActiveRecord::SchemaMigration Pluck (0.1ms)[0m  [1m[34mSELECT "schema_migrations"."version" FROM "schema_migrations" ORDER BY "schema_migrations"."version" ASC[0m
  [1m[36mCACHE ActiveRecord::SchemaMigration Pluck (0.0ms)[0m  [1m[34mSELECT "schema_migrations"."version" FROM "schema_migrations" ORDER BY "schema_migrations"."version" ASC[0m
  
ActiveRecord::PendingMigrationError (

Migrations are pending. To resolve this issue, run:

        bin/rails db:migrate RAILS_ENV=development

You have 1 pending migration:

20221121151156_add_status_to_articles.rb


):
  
activerecord (7.0.4) lib/active_record/migration.rb:627:in `check_pending!'
activerecord (7.0.4) lib/active_record/migration.rb:592:in `block (2 levels) in call'
activesupport (7.0.4) lib/active_support/file_update_checker.rb:83:in `execute'
activerecord (7.0.4) lib/active_record/migration.rb:597:in `block in call'
activerecord (7.0.4) lib/active_record/migration.rb:589:in `synchronize'
activerecord (7.0.4) lib/active_record/migration.rb:589:in `call'
actionpack (7.0.4) lib/action_dispatch/middleware/callbacks.rb:27:in `block in call'
activesupport (7.0.4) lib/active_support/callbacks.rb:99:in `run_callbacks'
actionpack (7.0.4) lib/action_dispatch/middleware/callbacks.rb:26:in `call'
actionpack (7.0.4) lib/action_dispatch/middleware/executor.rb:14:in `call'
actionpack (7.0.4) lib/action_dispatch/middleware/actionable_exceptions.rb:17:in `call'
actionpack (7.0.4) lib/action_dispatch/middleware/debug_exceptions.rb:28:in `call'
web-console (4.2.0) lib/web_console/middleware.rb:132:in `call_app'
web-console (4.2.0) lib/web_console/middleware.rb:28:in `block in call'
web-console (4.2.0) lib/web_console/middleware.rb:17:in `catch'
web-console (4.2.0) lib/web_console/middleware.rb:17:in `call'
actionpack (7.0.4) lib/action_dispatch/middleware/show_exceptions.rb:26:in `call'
railties (7.0.4) lib/rails/rack/logger.rb:40:in `call_app'
railties (7.0.4) lib/rails/rack/logger.rb:25:in `block in call'
activesupport (7.0.4) lib/active_support/tagged_logging.rb:99:in `block in tagged'
activesupport (7.0.4) lib/active_support/tagged_logging.rb:37:in `tagged'
activesupport (7.0.4) lib/active_support/tagged_logging.rb:99:in `tagged'
railties (7.0.4) lib/rails/rack/logger.rb:25:in `call'
sprockets-rails (3.4.2) lib/sprockets/rails/quiet_assets.rb:13:in `call'
actionpack (7.0.4) lib/action_dispatch/middleware/remote_ip.rb:93:in `call'
actionpack (7.0.4) lib/action_dispatch/middleware/request_id.rb:26:in `call'
rack (2.2.4) lib/rack/method_override.rb:24:in `call'
rack (2.2.4) lib/rack/runtime.rb:22:in `call'
activesupport (7.0.4) lib/active_support/cache/strategy/local_cache_middleware.rb:29:in `call'
actionpack (7.0.4) lib/action_dispatch/middleware/server_timing.rb:61:in `block in call'
actionpack (7.0.4) lib/action_dispatch/middleware/server_timing.rb:26:in `collect_events'
actionpack (7.0.4) lib/action_dispatch/middleware/server_timing.rb:60:in `call'
actionpack (7.0.4) lib/action_dispatch/middleware/executor.rb:14:in `call'
actionpack (7.0.4) lib/action_dispatch/middleware/static.rb:23:in `call'
rack (2.2.4) lib/rack/sendfile.rb:110:in `call'
actionpack (7.0.4) lib/action_dispatch/middleware/host_authorization.rb:137:in `call'
railties (7.0.4) lib/rails/engine.rb:530:in `call'
puma (5.6.5) lib/puma/configuration.rb:252:in `call'
puma (5.6.5) lib/puma/request.rb:77:in `block in handle_request'
puma (5.6.5) lib/puma/thread_pool.rb:340:in `with_force_shutdown'
puma (5.6.5) lib/puma/request.rb:76:in `handle_request'
puma (5.6.5) lib/puma/server.rb:443:in `process_client'
puma (5.6.5) lib/puma/thread_pool.rb:147:in `block in spawn_thread'
  [1m[36mActiveRecord::SchemaMigration Pluck (0.0ms)[0m  [1m[34mSELECT "schema_migrations"."version" FROM "schema_migrations" ORDER BY "schema_migrations"."version" ASC[0m
Migrating to AddStatusToArticles (20221121151156)
  [1m[36mTRANSACTION (0.0ms)[0m  [1m[36mbegin transaction[0m
  [1m[35m (0.2ms)[0m  [1m[35mALTER TABLE "articles" ADD "status" varchar[0m
  [1m[36mActiveRecord::SchemaMigration Create (0.2ms)[0m  [1m[32mINSERT INTO "schema_migrations" ("version") VALUES (?)[0m  [["version", "20221121151156"]]
  [1m[36mTRANSACTION (1.7ms)[0m  [1m[36mcommit transaction[0m
  [1m[36mActiveRecord::InternalMetadata Load (0.1ms)[0m  [1m[34mSELECT "ar_internal_metadata".* FROM "ar_internal_metadata" WHERE "ar_internal_metadata"."key" = ? LIMIT ?[0m  [["key", "environment"], ["LIMIT", 1]]
  [1m[36mActiveRecord::SchemaMigration Pluck (0.0ms)[0m  [1m[34mSELECT "schema_migrations"."version" FROM "schema_migrations" ORDER BY "schema_migrations"."version" ASC[0m
Started GET "/" for 127.0.0.1 at 2022-11-21 10:29:44 -0500
  [1m[36mActiveRecord::SchemaMigration Pluck (0.1ms)[0m  [1m[34mSELECT "schema_migrations"."version" FROM "schema_migrations" ORDER BY "schema_migrations"."version" ASC[0m
Processing by ArticlesController#index as HTML
  Rendering layout layouts/application.html.erb
  Rendering articles/index.html.erb within layouts/application
  [1m[36mArticle Load (0.1ms)[0m  [1m[34mSELECT "articles".* FROM "articles"[0m
  ↳ app/views/articles/index.html.erb:3
  Rendered articles/index.html.erb within layouts/application (Duration: 6.5ms | Allocations: 6293)
  Rendered layout layouts/application.html.erb (Duration: 6.9ms | Allocations: 6403)
Completed 500 Internal Server Error in 13ms (ActiveRecord: 0.1ms | Allocations: 11850)


  
ActionView::Template::Error (undefined local variable or method `comment' for #<ActionView::Base:0x0000000000b978>

'.freeze; unless comment.archived? 
                 ^^^^^^^):
     9: <% end %>
    10: </ul>
    11: <%= link_to "New Article", new_article_path %>
    12: <% unless comment.archived? %>
    13: <p>
    14:     <strong>Commenter:</strong>
    15:     <%= comment.commenter %>
  
app/views/articles/index.html.erb:12
